# JRE version: OpenJDK Runtime Environment Temurin-21.0.11+10 (21.0.11+10) (build 21.0.11+10-LTS)
# Java VM: OpenJDK 64-Bit Server VM Temurin-21.0.11+10 (21.0.11+10-LTS, mixed mode, sharing, tiered, compressed oops, compressed class ptrs, parallel gc, windows-amd64)
GC Precious Log:
 CardTable entry size: 512
 CPUs: 16 total, 16 available
 Memory: 16053M
 Large Page Support: Disabled
 NUMA Support: Disabled
 Compressed Oops: Enabled (32-bit)
 Alignments: Space 512K, Generation 512K, Heap 2M
 Heap Min Capacity: 100M
 Heap Initial Capacity: 100M
 Heap Max Capacity: 2G
 Pre-touch: Disabled
 Parallel Workers: 13
Heap:
 PSYoungGen      total 5632K, used 5135K [0x00000000d5580000, 0x00000000d5d00000, 0x0000000100000000)
  eden space 4608K, 95% used [0x00000000d5580000,0x00000000d59cbea0,0x00000000d5a00000)
  from space 1024K, 71% used [0x00000000d5c00000,0x00000000d5cb8000,0x00000000d5d00000)
  to   space 1536K, 0% used [0x00000000d5a00000,0x00000000d5a00000,0x00000000d5b80000)
 ParOldGen       total 482816K, used 482713K [0x0000000080000000, 0x000000009d780000, 0x00000000d5580000)
  object space 482816K, 99% used [0x0000000080000000,0x000000009d7666a8,0x000000009d780000)
 Metaspace       used 80422K, committed 81856K, reserved 1179648K
  class space    used 8067K, committed 8704K, reserved 1048576K
GC Heap History (20 events):
Event: 2653.706 GC heap before
{Heap before GC invocations=339 (full 4):
 PSYoungGen      total 5120K, used 4425K [0x00000000d5580000, 0x00000000d5d00000, 0x0000000100000000)
  eden space 2560K, 85% used [0x00000000d5580000,0x00000000d57a2620,0x00000000d5800000)
  from space 2560K, 87% used [0x00000000d5a80000,0x00000000d5cb0000,0x00000000d5d00000)
  to   space 2560K, 0% used [0x00000000d5800000,0x00000000d5800000,0x00000000d5a80000)
 ParOldGen       total 466944K, used 466760K [0x0000000080000000, 0x000000009c800000, 0x00000000d5580000)
  object space 466944K, 99% used [0x0000000080000000,0x000000009c7d2298,0x000000009c800000)
 Metaspace       used 80367K, committed 81792K, reserved 1179648K
  class space    used 8063K, committed 8704K, reserved 1048576K
}
Event: 2653.711 GC heap after
{Heap after GC invocations=339 (full 4):
 PSYoungGen      total 5120K, used 2024K [0x00000000d5580000, 0x00000000d5d80000, 0x0000000100000000)
  eden space 2560K, 0% used [0x00000000d5580000,0x00000000d5580000,0x00000000d5800000)
  from space 2560K, 79% used [0x00000000d5800000,0x00000000d59fa000,0x00000000d5a80000)
  to   space 2560K, 0% used [0x00000000d5b00000,0x00000000d5b00000,0x00000000d5d80000)
 ParOldGen       total 468992K, used 468792K [0x0000000080000000, 0x000000009ca00000, 0x00000000d5580000)
  object space 468992K, 99% used [0x0000000080000000,0x000000009c9ce298,0x000000009ca00000)
 Metaspace       used 80367K, committed 81792K, reserved 1179648K
  class space    used 8063K, committed 8704K, reserved 1048576K
}
Event: 2653.825 GC heap before
{Heap before GC invocations=340 (full 4):
 PSYoungGen      total 5120K, used 4584K [0x00000000d5580000, 0x00000000d5d80000, 0x0000000100000000)
  eden space 2560K, 100% used [0x00000000d5580000,0x00000000d5800000,0x00000000d5800000)
  from space 2560K, 79% used [0x00000000d5800000,0x00000000d59fa000,0x00000000d5a80000)
  to   space 2560K, 0% used [0x00000000d5b00000,0x00000000d5b00000,0x00000000d5d80000)
 ParOldGen       total 468992K, used 468792K [0x0000000080000000, 0x000000009ca00000, 0x00000000d5580000)
  object space 468992K, 99% used [0x0000000080000000,0x000000009c9ce298,0x000000009ca00000)
 Metaspace       used 80367K, committed 81792K, reserved 1179648K
  class space    used 8063K, committed 8704K, reserved 1048576K
}
Event: 2653.829 GC heap after
{Heap after GC invocations=340 (full 4):
 PSYoungGen      total 4608K, used 1904K [0x00000000d5580000, 0x00000000d5d00000, 0x0000000100000000)
  eden space 2560K, 0% used [0x00000000d5580000,0x00000000d5580000,0x00000000d5800000)
  from space 2048K, 92% used [0x00000000d5b00000,0x00000000d5cdc000,0x00000000d5d00000)
  to   space 2048K, 0% used [0x00000000d5900000,0x00000000d5900000,0x00000000d5b00000)
 ParOldGen       total 470528K, used 470240K [0x0000000080000000, 0x000000009cb80000, 0x00000000d5580000)
  object space 470528K, 99% used [0x0000000080000000,0x000000009cb38298,0x000000009cb80000)
 Metaspace       used 80367K, committed 81792K, reserved 1179648K
  class space    used 8063K, committed 8704K, reserved 1048576K
}
Event: 2653.841 GC heap before
{Heap before GC invocations=341 (full 4):
 PSYoungGen      total 4608K, used 4445K [0x00000000d5580000, 0x00000000d5d00000, 0x0000000100000000)
  eden space 2560K, 99% used [0x00000000d5580000,0x00000000d57fb7b8,0x00000000d5800000)
  from space 2048K, 92% used [0x00000000d5b00000,0x00000000d5cdc000,0x00000000d5d00000)
  to   space 2048K, 0% used [0x00000000d5900000,0x00000000d5900000,0x00000000d5b00000)
 ParOldGen       total 470528K, used 470240K [0x0000000080000000, 0x000000009cb80000, 0x00000000d5580000)
  object space 470528K, 99% used [0x0000000080000000,0x000000009cb38298,0x000000009cb80000)
 Metaspace       used 80375K, committed 81792K, reserved 1179648K
  class space    used 8063K, committed 8704K, reserved 1048576K
}
Event: 2653.864 GC heap after
{Heap after GC invocations=341 (full 4):
 PSYoungGen      total 5120K, used 2046K [0x00000000d5580000, 0x00000000d6180000, 0x0000000100000000)
  eden space 3072K, 0% used [0x00000000d5580000,0x00000000d5580000,0x00000000d5880000)
  from space 2048K, 99% used [0x00000000d5900000,0x00000000d5aff8d8,0x00000000d5b00000)
  to   space 4608K, 0% used [0x00000000d5d00000,0x00000000d5d00000,0x00000000d6180000)
 ParOldGen       total 472576K, used 472223K [0x0000000080000000, 0x000000009cd80000, 0x00000000d5580000)
  object space 472576K, 99% used [0x0000000080000000,0x000000009cd27d90,0x000000009cd80000)
 Metaspace       used 80375K, committed 81792K, reserved 1179648K
  class space    used 8063K, committed 8704K, reserved 1048576K
}
Event: 2653.879 GC heap before
{Heap before GC invocations=342 (full 4):
 PSYoungGen      total 5120K, used 5114K [0x00000000d5580000, 0x00000000d6180000, 0x0000000100000000)
  eden space 3072K, 99% used [0x00000000d5580000,0x00000000d587efb0,0x00000000d5880000)
  from space 2048K, 99% used [0x00000000d5900000,0x00000000d5aff8d8,0x00000000d5b00000)
  to   space 4608K, 0% used [0x00000000d5d00000,0x00000000d5d00000,0x00000000d6180000)
 ParOldGen       total 472576K, used 472223K [0x0000000080000000, 0x000000009cd80000, 0x00000000d5580000)
  object space 472576K, 99% used [0x0000000080000000,0x000000009cd27d90,0x000000009cd80000)
 Metaspace       used 80375K, committed 81792K, reserved 1179648K
  class space    used 8063K, committed 8704K, reserved 1048576K
}
Event: 2654.919 GC heap after
{Heap after GC invocations=342 (full 4):
 PSYoungGen      total 7680K, used 3028K [0x00000000d5580000, 0x00000000d6080000, 0x0000000100000000)
  eden space 4096K, 0% used [0x00000000d5580000,0x00000000d5580000,0x00000000d5980000)
  from space 3584K, 84% used [0x00000000d5d00000,0x00000000d5ff5000,0x00000000d6080000)
  to   space 3584K, 0% used [0x00000000d5980000,0x00000000d5980000,0x00000000d5d00000)
 ParOldGen       total 474624K, used 474251K [0x0000000080000000, 0x000000009cf80000, 0x00000000d5580000)
  object space 474624K, 99% used [0x0000000080000000,0x000000009cf22ee8,0x000000009cf80000)
 Metaspace       used 80375K, committed 81792K, reserved 1179648K
  class space    used 8063K, committed 8704K, reserved 1048576K
}
Event: 2654.947 GC heap before
{Heap before GC invocations=343 (full 4):
 PSYoungGen      total 7680K, used 7124K [0x00000000d5580000, 0x00000000d6080000, 0x0000000100000000)
  eden space 4096K, 100% used [0x00000000d5580000,0x00000000d5980000,0x00000000d5980000)
  from space 3584K, 84% used [0x00000000d5d00000,0x00000000d5ff5000,0x00000000d6080000)
  to   space 3584K, 0% used [0x00000000d5980000,0x00000000d5980000,0x00000000d5d00000)
 ParOldGen       total 474624K, used 474251K [0x0000000080000000, 0x000000009cf80000, 0x00000000d5580000)
  object space 474624K, 99% used [0x0000000080000000,0x000000009cf22ee8,0x000000009cf80000)
 Metaspace       used 80375K, committed 81792K, reserved 1179648K
  class space    used 8063K, committed 8704K, reserved 1048576K
}
Event: 2654.958 GC heap after
{Heap after GC invocations=343 (full 4):
 PSYoungGen      total 5120K, used 950K [0x00000000d5580000, 0x00000000d5e80000, 0x0000000100000000)
  eden space 4096K, 0% used [0x00000000d5580000,0x00000000d5580000,0x00000000d5980000)
  from space 1024K, 92% used [0x00000000d5980000,0x00000000d5a6daa8,0x00000000d5a80000)
  to   space 2048K, 0% used [0x00000000d5c80000,0x00000000d5c80000,0x00000000d5e80000)
 ParOldGen       total 477184K, used 477021K [0x0000000080000000, 0x000000009d200000, 0x00000000d5580000)
  object space 477184K, 99% used [0x0000000080000000,0x000000009d1d74f8,0x000000009d200000)
 Metaspace       used 80375K, committed 81792K, reserved 1179648K
  class space    used 8063K, committed 8704K, reserved 1048576K
}
Event: 2654.975 GC heap before
{Heap before GC invocations=344 (full 4):
 PSYoungGen      total 5120K, used 5046K [0x00000000d5580000, 0x00000000d5e80000, 0x0000000100000000)
  eden space 4096K, 100% used [0x00000000d5580000,0x00000000d5980000,0x00000000d5980000)
  from space 1024K, 92% used [0x00000000d5980000,0x00000000d5a6daa8,0x00000000d5a80000)
  to   space 2048K, 0% used [0x00000000d5c80000,0x00000000d5c80000,0x00000000d5e80000)
 ParOldGen       total 477184K, used 477021K [0x0000000080000000, 0x000000009d200000, 0x00000000d5580000)
  object space 477184K, 99% used [0x0000000080000000,0x000000009d1d74f8,0x000000009d200000)
 Metaspace       used 80377K, committed 81792K, reserved 1179648K
  class space    used 8063K, committed 8704K, reserved 1048576K
}
Event: 2654.977 GC heap after
{Heap after GC invocations=344 (full 4):
 PSYoungGen      total 6656K, used 1293K [0x00000000d5580000, 0x00000000d5e00000, 0x0000000100000000)
  eden space 5120K, 0% used [0x00000000d5580000,0x00000000d5580000,0x00000000d5a80000)
  from space 1536K, 84% used [0x00000000d5c80000,0x00000000d5dc3480,0x00000000d5e00000)
  to   space 1536K, 0% used [0x00000000d5b00000,0x00000000d5b00000,0x00000000d5c80000)
 ParOldGen       total 478208K, used 477811K [0x0000000080000000, 0x000000009d300000, 0x00000000d5580000)
  object space 478208K, 99% used [0x0000000080000000,0x000000009d29cd80,0x000000009d300000)
 Metaspace       used 80377K, committed 81792K, reserved 1179648K
  class space    used 8063K, committed 8704K, reserved 1048576K
}
Event: 2654.999 GC heap before
{Heap before GC invocations=345 (full 4):
 PSYoungGen      total 6656K, used 6413K [0x00000000d5580000, 0x00000000d5e00000, 0x0000000100000000)
  eden space 5120K, 100% used [0x00000000d5580000,0x00000000d5a80000,0x00000000d5a80000)
  from space 1536K, 84% used [0x00000000d5c80000,0x00000000d5dc3480,0x00000000d5e00000)
  to   space 1536K, 0% used [0x00000000d5b00000,0x00000000d5b00000,0x00000000d5c80000)
 ParOldGen       total 478208K, used 477811K [0x0000000080000000, 0x000000009d300000, 0x00000000d5580000)
  object space 478208K, 99% used [0x0000000080000000,0x000000009d29cd80,0x000000009d300000)
 Metaspace       used 80380K, committed 81792K, reserved 1179648K
  class space    used 8063K, committed 8704K, reserved 1048576K
}
Event: 2655.009 GC heap after
{Heap after GC invocations=345 (full 4):
 PSYoungGen      total 7168K, used 1478K [0x00000000d5580000, 0x00000000d5e80000, 0x0000000100000000)
  eden space 5632K, 0% used [0x00000000d5580000,0x00000000d5580000,0x00000000d5b00000)
  from space 1536K, 96% used [0x00000000d5b00000,0x00000000d5c719b8,0x00000000d5c80000)
  to   space 1536K, 0% used [0x00000000d5d00000,0x00000000d5d00000,0x00000000d5e80000)
 ParOldGen       total 479232K, used 478849K [0x0000000080000000, 0x000000009d400000, 0x00000000d5580000)
  object space 479232K, 99% used [0x0000000080000000,0x000000009d3a07a8,0x000000009d400000)
 Metaspace       used 80380K, committed 81792K, reserved 1179648K
  class space    used 8063K, committed 8704K, reserved 1048576K
}
Event: 2655.076 GC heap before
{Heap before GC invocations=346 (full 4):
 PSYoungGen      total 7168K, used 7060K [0x00000000d5580000, 0x00000000d5e80000, 0x0000000100000000)
  eden space 5632K, 99% used [0x00000000d5580000,0x00000000d5af3778,0x00000000d5b00000)
  from space 1536K, 96% used [0x00000000d5b00000,0x00000000d5c719b8,0x00000000d5c80000)
  to   space 1536K, 0% used [0x00000000d5d00000,0x00000000d5d00000,0x00000000d5e80000)
 ParOldGen       total 479232K, used 478849K [0x0000000080000000, 0x000000009d400000, 0x00000000d5580000)
  object space 479232K, 99% used [0x0000000080000000,0x000000009d3a07a8,0x000000009d400000)
 Metaspace       used 80402K, committed 81856K, reserved 1179648K
  class space    used 8067K, committed 8704K, reserved 1048576K
}
Event: 2655.079 GC heap after
{Heap after GC invocations=346 (full 4):
 PSYoungGen      total 6144K, used 1531K [0x00000000d5580000, 0x00000000d6280000, 0x0000000100000000)
  eden space 4608K, 0% used [0x00000000d5580000,0x00000000d5580000,0x00000000d5a00000)
  from space 1536K, 99% used [0x00000000d5d00000,0x00000000d5e7ee70,0x00000000d5e80000)
  to   space 3072K, 0% used [0x00000000d5a00000,0x00000000d5a00000,0x00000000d5d00000)
 ParOldGen       total 480256K, used 480149K [0x0000000080000000, 0x000000009d500000, 0x00000000d5580000)
  object space 480256K, 99% used [0x0000000080000000,0x000000009d4e57e0,0x000000009d500000)
 Metaspace       used 80402K, committed 81856K, reserved 1179648K
  class space    used 8067K, committed 8704K, reserved 1048576K
}
Event: 2655.191 GC heap before
{Heap before GC invocations=347 (full 4):
 PSYoungGen      total 6144K, used 6139K [0x00000000d5580000, 0x00000000d6280000, 0x0000000100000000)
  eden space 4608K, 100% used [0x00000000d5580000,0x00000000d5a00000,0x00000000d5a00000)
  from space 1536K, 99% used [0x00000000d5d00000,0x00000000d5e7ee70,0x00000000d5e80000)
  to   space 3072K, 0% used [0x00000000d5a00000,0x00000000d5a00000,0x00000000d5d00000)
 ParOldGen       total 480256K, used 480149K [0x0000000080000000, 0x000000009d500000, 0x00000000d5580000)
  object space 480256K, 99% used [0x0000000080000000,0x000000009d4e57e0,0x000000009d500000)
 Metaspace       used 80407K, committed 81856K, reserved 1179648K
  class space    used 8067K, committed 8704K, reserved 1048576K
}
Event: 2655.193 GC heap after
{Heap after GC invocations=347 (full 4):
 PSYoungGen      total 6144K, used 1338K [0x00000000d5580000, 0x00000000d5e00000, 0x0000000100000000)
  eden space 4608K, 0% used [0x00000000d5580000,0x00000000d5580000,0x00000000d5a00000)
  from space 1536K, 87% used [0x00000000d5a00000,0x00000000d5b4e8d0,0x00000000d5b80000)
  to   space 2048K, 0% used [0x00000000d5c00000,0x00000000d5c00000,0x00000000d5e00000)
 ParOldGen       total 481792K, used 481612K [0x0000000080000000, 0x000000009d680000, 0x00000000d5580000)
  object space 481792K, 99% used [0x0000000080000000,0x000000009d653150,0x000000009d680000)
 Metaspace       used 80407K, committed 81856K, reserved 1179648K
  class space    used 8067K, committed 8704K, reserved 1048576K
}
Event: 2655.374 GC heap before
{Heap before GC invocations=348 (full 4):
 PSYoungGen      total 6144K, used 5946K [0x00000000d5580000, 0x00000000d5e00000, 0x0000000100000000)
  eden space 4608K, 100% used [0x00000000d5580000,0x00000000d5a00000,0x00000000d5a00000)
  from space 1536K, 87% used [0x00000000d5a00000,0x00000000d5b4e8d0,0x00000000d5b80000)
  to   space 2048K, 0% used [0x00000000d5c00000,0x00000000d5c00000,0x00000000d5e00000)
 ParOldGen       total 481792K, used 481612K [0x0000000080000000, 0x000000009d680000, 0x00000000d5580000)
  object space 481792K, 99% used [0x0000000080000000,0x000000009d653150,0x000000009d680000)
 Metaspace       used 80408K, committed 81856K, reserved 1179648K
  class space    used 8067K, committed 8704K, reserved 1048576K
}
Event: 2655.377 GC heap after
{Heap after GC invocations=348 (full 4):
 PSYoungGen      total 5632K, used 736K [0x00000000d5580000, 0x00000000d5d00000, 0x0000000100000000)
  eden space 4608K, 0% used [0x00000000d5580000,0x00000000d5580000,0x00000000d5a00000)
  from space 1024K, 71% used [0x00000000d5c00000,0x00000000d5cb8000,0x00000000d5d00000)
  to   space 1536K, 0% used [0x00000000d5a00000,0x00000000d5a00000,0x00000000d5b80000)
 ParOldGen       total 482816K, used 482713K [0x0000000080000000, 0x000000009d780000, 0x00000000d5580000)
  object space 482816K, 99% used [0x0000000080000000,0x000000009d7666a8,0x000000009d780000)
 Metaspace       used 80408K, committed 81856K, reserved 1179648K
  class space    used 8067K, committed 8704K, reserved 1048576K
}

